<?xml version="1.0" encoding="UTF-8"?>
<testng-results skipped="0" failed="1" ignored="0" total="4" passed="3">
  <reporter-output>
  </reporter-output>
  <suite name="Crm Functional suite" duration-ms="88843" started-at="2021-06-01T15:50:18 IST" finished-at="2021-06-01T15:51:47 IST">
    <groups>
    </groups>
    <test name="Account Creation" duration-ms="88843" started-at="2021-06-01T15:50:18 IST" finished-at="2021-06-01T15:51:47 IST">
      <class name="com.tests.CrmLeadTests">
        <test-method status="PASS" signature="init()[pri:0, instance:com.tests.CrmLeadTests@d44fc21]" name="init" is-config="true" duration-ms="219" started-at="2021-06-01T15:51:21 IST" finished-at="2021-06-01T15:51:21 IST">
          <reporter-output>
          </reporter-output>
        </test-method> <!-- init -->
        <test-method status="FAIL" signature="createLead()[pri:0, instance:com.tests.CrmLeadTests@d44fc21]" name="createLead" duration-ms="25352" started-at="2021-06-01T15:51:21 IST" finished-at="2021-06-01T15:51:47 IST">
          <exception class="java.lang.AssertionError">
            <message>
              <![CDATA[expected [Total: 1] but found [Total: 2]]]>
            </message>
            <full-stacktrace>
              <![CDATA[java.lang.AssertionError: expected [Total: 1] but found [Total: 2]
at org.testng.Assert.fail(Assert.java:99)
at org.testng.Assert.failNotEquals(Assert.java:1037)
at org.testng.Assert.assertEqualsImpl(Assert.java:140)
at org.testng.Assert.assertEquals(Assert.java:122)
at org.testng.Assert.assertEquals(Assert.java:629)
at org.testng.Assert.assertEquals(Assert.java:639)
at com.crm.validators.CrmLeadValidator.validateLeadRemoval(CrmLeadValidator.java:42)
at com.tests.CrmLeadTests.createLead(CrmLeadTests.java:78)
at sun.reflect.NativeMethodAccessorImpl.invoke0(Native Method)
at sun.reflect.NativeMethodAccessorImpl.invoke(NativeMethodAccessorImpl.java:62)
at sun.reflect.DelegatingMethodAccessorImpl.invoke(DelegatingMethodAccessorImpl.java:43)
at java.lang.reflect.Method.invoke(Method.java:498)
at org.testng.internal.MethodInvocationHelper.invokeMethod(MethodInvocationHelper.java:132)
at org.testng.internal.TestInvoker.invokeMethod(TestInvoker.java:599)
at org.testng.internal.TestInvoker.invokeTestMethod(TestInvoker.java:174)
at org.testng.internal.MethodRunner.runInSequence(MethodRunner.java:46)
at org.testng.internal.TestInvoker$MethodInvocationAgent.invoke(TestInvoker.java:822)
at org.testng.internal.TestInvoker.invokeTestMethods(TestInvoker.java:147)
at org.testng.internal.TestMethodWorker.invokeTestMethods(TestMethodWorker.java:146)
at org.testng.internal.TestMethodWorker.run(TestMethodWorker.java:128)
at java.util.ArrayList.forEach(ArrayList.java:1259)
at org.testng.TestRunner.privateRun(TestRunner.java:764)
at org.testng.TestRunner.run(TestRunner.java:585)
at org.testng.SuiteRunner.runTest(SuiteRunner.java:384)
at org.testng.SuiteRunner.runSequentially(SuiteRunner.java:378)
at org.testng.SuiteRunner.privateRun(SuiteRunner.java:337)
at org.testng.SuiteRunner.run(SuiteRunner.java:286)
at org.testng.SuiteRunnerWorker.runSuite(SuiteRunnerWorker.java:53)
at org.testng.SuiteRunnerWorker.run(SuiteRunnerWorker.java:96)
at org.testng.TestNG.runSuitesSequentially(TestNG.java:1218)
at org.testng.TestNG.runSuitesLocally(TestNG.java:1140)
at org.testng.TestNG.runSuites(TestNG.java:1069)
at org.testng.TestNG.run(TestNG.java:1037)
at org.apache.maven.surefire.testng.TestNGExecutor.run(TestNGExecutor.java:283)
at org.apache.maven.surefire.testng.TestNGXmlTestSuite.execute(TestNGXmlTestSuite.java:75)
at org.apache.maven.surefire.testng.TestNGProvider.invoke(TestNGProvider.java:120)
at org.apache.maven.surefire.booter.ForkedBooter.invokeProviderInSameClassLoader(ForkedBooter.java:383)
at org.apache.maven.surefire.booter.ForkedBooter.runSuitesInProcess(ForkedBooter.java:344)
at org.apache.maven.surefire.booter.ForkedBooter.execute(ForkedBooter.java:125)
at org.apache.maven.surefire.booter.ForkedBooter.main(ForkedBooter.java:417)
]]>
            </full-stacktrace>
          </exception> <!-- java.lang.AssertionError -->
          <reporter-output>
          </reporter-output>
        </test-method> <!-- createLead -->
      </class> <!-- com.tests.CrmLeadTests -->
      <class name="com.tests.CrmContactTests">
        <test-method status="PASS" signature="init()[pri:0, instance:com.tests.CrmContactTests@51cdd8a]" name="init" is-config="true" duration-ms="200" started-at="2021-06-01T15:50:31 IST" finished-at="2021-06-01T15:50:31 IST">
          <reporter-output>
          </reporter-output>
        </test-method> <!-- init -->
        <test-method status="PASS" signature="createContact()[pri:0, instance:com.tests.CrmContactTests@51cdd8a]" name="createContact" duration-ms="50105" started-at="2021-06-01T15:50:31 IST" finished-at="2021-06-01T15:51:21 IST">
          <reporter-output>
          </reporter-output>
        </test-method> <!-- createContact -->
      </class> <!-- com.tests.CrmContactTests -->
      <class name="com.tests.CrmAccountTests">
        <test-method status="PASS" signature="init()[pri:0, instance:com.tests.CrmAccountTests@7f13d6e]" name="init" is-config="true" duration-ms="3569" started-at="2021-06-01T15:50:18 IST" finished-at="2021-06-01T15:50:22 IST">
          <reporter-output>
          </reporter-output>
        </test-method> <!-- init -->
        <test-method status="PASS" signature="createAccountWithBillingAddress()[pri:0, instance:com.tests.CrmAccountTests@7f13d6e]" name="createAccountWithBillingAddress" duration-ms="5868" started-at="2021-06-01T15:50:22 IST" finished-at="2021-06-01T15:50:28 IST">
          <reporter-output>
          </reporter-output>
        </test-method> <!-- createAccountWithBillingAddress -->
        <test-method status="PASS" signature="testcaseToCheckAValidPhoneNumber()[pri:1, instance:com.tests.CrmAccountTests@7f13d6e]" name="testcaseToCheckAValidPhoneNumber" duration-ms="3276" started-at="2021-06-01T15:50:28 IST" finished-at="2021-06-01T15:50:31 IST">
          <reporter-output>
          </reporter-output>
        </test-method> <!-- testcaseToCheckAValidPhoneNumber -->
      </class> <!-- com.tests.CrmAccountTests -->
    </test> <!-- Account Creation -->
  </suite> <!-- Crm Functional suite -->
</testng-results>
